<?xml version="1.0" encoding="UTF-8"?>
<!-- Generated by org.testng.reporters.JUnitReportReporter -->
<testsuite skipped="0" hostname="LAPTOP-6O2M9K7D" name="org.ddemo.Qagrouping" tests="11" failures="0" timestamp="12 May 2022 08:40:28 GMT" time="24.643" errors="0">
  <testcase name="testCase12" time="0.589" classname="org.ddemo.Qagrouping"/>
  <testcase name="testCase9" time="0.515" classname="org.ddemo.Qagrouping"/>
  <testcase name="testCase3" time="0.275" classname="org.ddemo.Qagrouping"/>
  <testcase name="testCase1" time="17.272" classname="org.ddemo.Qagrouping"/>
  <testcase name="testCase14" time="1.002" classname="org.ddemo.Qagrouping"/>
  <testcase name="testCase13" time="0.755" classname="org.ddemo.Qagrouping"/>
  <testcase name="testCase8" time="0.480" classname="org.ddemo.Qagrouping"/>
  <testcase name="testCase10" time="2.632" classname="org.ddemo.Qagrouping"/>
  <testcase name="testCase2" time="0.417" classname="org.ddemo.Qagrouping"/>
  <testcase name="testCase7" time="0.310" classname="org.ddemo.Qagrouping"/>
  <testcase name="testCase11" time="0.396" classname="org.ddemo.Qagrouping"/>
</testsuite> <!-- org.ddemo.Qagrouping -->
