<?xml version="1.0" encoding="UTF-8"?>
<!-- Generated by org.testng.reporters.JUnitReportReporter -->
<testsuite skipped="0" hostname="LAPTOP-6O2M9K7D" name="org.ddemo.QatestngInput" tests="2" failures="0" timestamp="12 May 2022 08:48:51 GMT" time="20.500" errors="0">
  <testcase name="testCase1" time="17.723" classname="org.ddemo.QatestngInput"/>
  <testcase name="testCase2" time="2.777" classname="org.ddemo.QatestngInput"/>
</testsuite> <!-- org.ddemo.QatestngInput -->
