<?xml version="1.0" encoding="UTF-8"?>
<!-- Generated by org.testng.reporters.JUnitReportReporter -->
<testsuite skipped="0" hostname="LAPTOP-6O2M9K7D" name="org.ddemo.FaceBook" tests="2" failures="0" timestamp="18 Apr 2022 12:51:12 GMT" time="22.248" errors="0">
  <testcase name="tc2" time="9.664" classname="org.ddemo.FaceBook"/>
  <testcase name="tc1" time="12.584" classname="org.ddemo.FaceBook"/>
</testsuite> <!-- org.ddemo.FaceBook -->
