<?xml version="1.0" encoding="UTF-8"?>
<!-- Generated by org.testng.reporters.JUnitReportReporter -->
<testsuite skipped="0" hostname="LAPTOP-6O2M9K7D" name="org.ddemo.Facegroup" tests="3" failures="0" timestamp="18 Apr 2022 13:09:37 GMT" time="13.655" errors="0">
  <testcase name="tcLanch" time="13.107" classname="org.ddemo.Facegroup"/>
  <testcase name="testCase2" time="0.407" classname="org.ddemo.Facegroup"/>
  <testcase name="testCase3" time="0.141" classname="org.ddemo.Facegroup"/>
</testsuite> <!-- org.ddemo.Facegroup -->
