<?xml version="1.0" encoding="UTF-8"?>
<!-- Generated by org.testng.reporters.JUnitReportReporter -->
<testsuite skipped="0" hostname="LAPTOP-6O2M9K7D" name="org.ddemo.FlaceBook" tests="1" failures="0" timestamp="13 May 2022 13:09:54 GMT" time="37.111" errors="0">
  <testcase name="tc1" time="37.111" classname="org.ddemo.FlaceBook"/>
</testsuite> <!-- org.ddemo.FlaceBook -->
