<?xml version="1.0" encoding="UTF-8"?>
<!-- Generated by org.testng.reporters.JUnitReportReporter -->
<testsuite skipped="1" hostname="LAPTOP-6O2M9K7D" name="org.ddemo.QaRegister" tests="2" failures="0" timestamp="15 Apr 2022 10:03:35 GMT" time="29.202" errors="0">
  <testcase name="testCase2" time="29.202" classname="org.ddemo.QaRegister"/>
  <testcase name="testCase1" classname="org.ddemo.QaRegister">
    <skipped/>
  </testcase> <!-- testCase1 -->
</testsuite> <!-- org.ddemo.QaRegister -->
